<?xml version="1.0" encoding="UTF-8"?>
<testng-results ignored="0" total="1" passed="1" failed="0" skipped="0">
  <reporter-output>
  </reporter-output>
  <suite started-at="2023-05-05T21:26:43 IST" name="Default suite" finished-at="2023-05-05T21:26:43 IST" duration-ms="69">
    <groups>
    </groups>
    <test started-at="2023-05-05T21:26:43 IST" name="Default test" finished-at="2023-05-05T21:26:43 IST" duration-ms="69">
      <class name="Practice4_Test">
        <test-method signature="test()[pri:0, instance:Practice4_Test@1e6454ec]" started-at="2023-05-05T21:26:43 IST" name="test" finished-at="2023-05-05T21:26:43 IST" duration-ms="12" status="PASS">
          <reporter-output>
          </reporter-output>
        </test-method> <!-- test -->
      </class> <!-- Practice4_Test -->
    </test> <!-- Default test -->
  </suite> <!-- Default suite -->
</testng-results>
